TN:
SF:src/modules/appointments/services/CreateAppointmentsService.ts
FN:17,(anonymous_18)
FN:18,CreateAppointmentsService
FN:23,(anonymous_20)
FNF:3
FNH:3
FNDA:1,(anonymous_18)
FNDA:2,CreateAppointmentsService
FNDA:3,(anonymous_20)
DA:1,1
DA:2,1
DA:3,1
DA:17,1
DA:20,2
DA:23,3
DA:24,3
DA:26,3
DA:30,3
DA:31,1
DA:34,2
DA:39,2
DA:41,1
DA:43,1
LF:14
LH:14
BRDA:30,0,0,1
BRDA:30,0,1,2
BRF:2
BRH:2
end_of_record
TN:
SF:src/modules/users/services/AuthenticateUserService.ts
FN:21,(anonymous_18)
FN:22,AuthenticateUserService
FN:28,(anonymous_20)
FNF:3
FNH:3
FNDA:1,(anonymous_18)
FNDA:3,AuthenticateUserService
FNDA:3,(anonymous_20)
DA:2,1
DA:3,1
DA:4,1
DA:5,1
DA:21,1
DA:23,3
DA:25,3
DA:28,1
DA:29,3
DA:30,3
DA:32,3
DA:34,3
DA:35,1
DA:38,2
DA:43,2
DA:44,1
DA:46,1
DA:48,1
DA:53,1
DA:55,1
DA:57,1
LF:21
LH:21
BRDA:32,0,0,3
BRDA:34,1,0,1
BRDA:34,1,1,2
BRDA:43,2,0,1
BRDA:43,2,1,1
BRF:5
BRH:5
end_of_record
TN:
SF:src/modules/users/services/CreateUsersService.ts
FN:15,(anonymous_18)
FN:16,CreateUsersService
FN:22,(anonymous_20)
FNF:3
FNH:3
FNDA:2,(anonymous_18)
FNDA:4,CreateUsersService
FNDA:5,(anonymous_20)
DA:2,2
DA:3,2
DA:15,2
DA:17,4
DA:19,4
DA:22,5
DA:23,5
DA:25,5
DA:26,1
DA:28,4
DA:30,4
DA:36,4
DA:38,2
DA:40,2
LF:14
LH:14
BRDA:23,0,0,5
BRDA:25,1,0,1
BRDA:25,1,1,4
BRF:3
BRH:3
end_of_record
TN:
SF:src/modules/users/services/UpdateUserAvatarService.ts
FN:16,(anonymous_18)
FN:17,UpdateUserAvatarService
FN:22,(anonymous_20)
FNF:3
FNH:3
FNDA:1,(anonymous_18)
FNDA:3,UpdateUserAvatarService
FNDA:4,(anonymous_20)
DA:3,1
DA:5,1
DA:16,1
DA:18,3
DA:19,3
DA:22,1
DA:23,4
DA:24,4
DA:26,4
DA:28,4
DA:29,1
DA:32,3
DA:33,1
DA:36,3
DA:37,3
DA:39,6
DA:41,3
DA:43,1
DA:45,1
LF:19
LH:19
BRDA:26,0,0,4
BRDA:28,1,0,1
BRDA:28,1,1,3
BRDA:32,2,0,1
BRDA:32,2,1,2
BRF:5
BRH:5
end_of_record
